Arguments: 
  D:\Tools_For_Work\NodeJS\node.exe D:\Tools_For_Work\NodeJS\node_global\node_modules\yarn\bin\yarn.js

PATH: 
  C:\Program Files (x86)\Common Files\Oracle\Java\javapath;D:\Tools_For_Work\Python2\Scripts\;D:\Tools_For_Work\Python2\;C:\Program Files (x86)\Intel\iCLS Client\;C:\Program Files\Intel\iCLS Client\;C:\windows\system32;C:\windows;C:\windows\System32\Wbem;C:\windows\System32\WindowsPowerShell\v1.0\;C:\Program Files (x86)\NVIDIA Corporation\PhysX\Common;C:\Program Files (x86)\Intel\Intel(R) Management Engine Components\DAL;C:\Program Files\Intel\Intel(R) Management Engine Components\DAL;C:\Program Files (x86)\Intel\Intel(R) Management Engine Components\IPT;C:\Program Files\Intel\Intel(R) Management Engine Components\IPT;C:\WINDOWS\system32;C:\WINDOWS;C:\WINDOWS\System32\Wbem;C:\WINDOWS\System32\WindowsPowerShell\v1.0\;D:\Tools_For_Work\Git\cmd;D:\Tools_For_Work\TortoiseGit\bin;D:\Tools_For_Efficiency\cmder;D:\Tools_For_Work\NodeJS\node_global;C:\WINDOWS\System32\OpenSSH\;D:\Tools_For_Work\SDK\Android\platform-tools;C:\Program Files\Intel\WiFi\bin\;C:\Program Files\Common Files\Intel\WirelessCommon\;D:\Tools_For_Work\NodeJS\;D:\Tools_For_Network\PuTTY\;C:\Program Files (x86)\ZeroTier\One\;C:\Program Files\NVIDIA Corporation\NVIDIA NvDLISR;D:\Tools_For_Work\cocos2d-x-3.17.2\templates;D:\Tools_For_Work\cocos2d-x-3.17.2\tools\cocos2d-console\bin;\cocos2d-x-3.17.2\templates;D:\Tools_For_Work\Ruby25-x64\bin;%USERPROFILE%\AppData\Local\Microsoft\WindowsApps;%NODE_PATH%;D:\Tools_For_Work\NodeJS;D:\Tools_For_Work\NodeJS\node_global;D:\Tools_For_Work\Ruby25-x64\bin\gem.cmd;C:\Users\Zill\AppData\Local\now-cli;D:\Tools_For_Work\Microsoft VS Code\bin;G:\Dev\SDK\Flutter\flutter\bin;D:\Tools_For_Work\SDK\Android;%PATH%;C:\Users\Zill\AppData\Roaming\npm;C:\Users\Zill\AppData\Local\BypassRuntm

Yarn version: 
  1.22.1

Node version: 
  12.13.0

Platform: 
  win32 x64

Trace: 
  SyntaxError: C:\Users\Zill\Desktop\Juneyao_Airline_Helper\package.json: Unexpected token } in JSON at position 619
      at JSON.parse (<anonymous>)
      at D:\Tools_For_Work\NodeJS\node_global\node_modules\yarn\lib\cli.js:1625:59
      at Generator.next (<anonymous>)
      at step (D:\Tools_For_Work\NodeJS\node_global\node_modules\yarn\lib\cli.js:310:30)
      at D:\Tools_For_Work\NodeJS\node_global\node_modules\yarn\lib\cli.js:321:13

npm manifest: 
  {
    "name": "juneyao_airline_helper",
    "version": "1.0.0",
    "description": "",
    "main": "index.js",
    "scripts": {
      "start": "node index.js",
      "test": "echo \"Error: no test specified\" && exit 1"
    },
    "repository": {
      "type": "git",
      "url": "git+https://github.com/szhielelp/Juneyao_Airline_Helper.git"
    },
    "author": "",
    "license": "ISC",
    "bugs": {
      "url": "https://github.com/szhielelp/Juneyao_Airline_Helper/issues"
    },
    "homepage": "https://github.com/szhielelp/Juneyao_Airline_Helper#readme",
    "dependencies": {
      "alert": "^5.0.5",
      "axios": "^0.20.0",
      "chalk": "^4.1.0",
    },
    "devDependencies": {
      "eslint": "^7.2.0",
      "eslint-config-airbnb-base": "^14.2.0",
      "eslint-plugin-import": "^2.22.0"
    }
  }

yarn manifest: 
  No manifest

Lockfile: 
  No lockfile
